<?xml version="1.0" encoding="UTF-8"?>
<!-- Generated by org.testng.reporters.JUnitReportReporter -->
<testsuite hostname="admin" failures="0" tests="1" name="abc.Login" time="34.280" errors="0" timestamp="07 Oct 2018 17:57:44 GMT" skipped="0">
  <testcase classname="abc.Login" name="a" time="34.280"/>
</testsuite> <!-- abc.Login -->
