<?xml version="1.0" encoding="UTF-8"?>
<!-- Generated by org.testng.reporters.JUnitReportReporter -->
<testsuite hostname="admin" failures="0" tests="5" name="Com.TestNG.GoogleTest" time="248.854" errors="0" timestamp="27 Oct 2018 09:12:30 GMT" skipped="0">
  <testcase classname="Com.TestNG.GoogleTest" name="GetTitle" time="55.916"/>
  <testcase classname="Com.TestNG.GoogleTest" name="GetCurrentUrl" time="54.583"/>
  <testcase classname="Com.TestNG.GoogleTest" name="ClickOnGmail" time="67.138"/>
  <testcase classname="Com.TestNG.GoogleTest" name="backtoMainPage" time="31.810"/>
  <testcase classname="Com.TestNG.GoogleTest" name="Search" time="39.407"/>
</testsuite> <!-- Com.TestNG.GoogleTest -->
