<?xml version="1.0" encoding="UTF-8"?>
<!-- Generated by org.testng.reporters.JUnitReportReporter -->
<testsuite hostname="admin" failures="0" tests="4" name="Com.TestNG.TestNgBasics" time="0.064" errors="0" timestamp="27 Oct 2018 07:36:42 GMT" skipped="0">
  <testcase classname="Com.TestNG.TestNgBasics" name="loginchecking" time="0.048"/>
  <testcase classname="Com.TestNG.TestNgBasics" name="GetCurrentUrl" time="0.000"/>
  <testcase classname="Com.TestNG.TestNgBasics" name="gettext" time="0.000"/>
  <testcase classname="Com.TestNG.TestNgBasics" name="GetTitle" time="0.016"/>
</testsuite> <!-- Com.TestNG.TestNgBasics -->
